This is pdfTeX, Version 3.14159265-2.6-1.40.20 (MiKTeX 2.9.7000 64-bit) (preloaded format=pdflatex 2019.4.11)  11 APR 2019 18:41
entering extended mode
**./info256-project_midterm_report-Ivan_Liao__Kaifei_Peng.tex
(info256-project_midterm_report-Ivan_Liao__Kaifei_Peng.tex
LaTeX2e <2018-12-01>
("D:\Program Files (x86)\MikTeX\tex/latex/base\article.cls"
Document Class: article 2018/09/03 v1.4i Standard LaTeX document class
("D:\Program Files (x86)\MikTeX\tex/latex/base\size11.clo"
File: size11.clo 2018/09/03 v1.4i Standard LaTeX file (size option)
)
\c@part=\count80
\c@section=\count81
\c@subsection=\count82
\c@subsubsection=\count83
\c@paragraph=\count84
\c@subparagraph=\count85
\c@figure=\count86
\c@table=\count87
\abovecaptionskip=\skip41
\belowcaptionskip=\skip42
\bibindent=\dimen102
) (acl2018.sty
("D:\Program Files (x86)\MikTeX\tex/latex/hyperref\hyperref.sty"
Package: hyperref 2018/11/30 v6.88e Hypertext links for LaTeX

("D:\Program Files (x86)\MikTeX\tex/generic/oberdiek\hobsub-hyperref.sty"
Package: hobsub-hyperref 2016/05/16 v1.14 Bundle oberdiek, subset hyperref (HO)


("D:\Program Files (x86)\MikTeX\tex/generic/oberdiek\hobsub-generic.sty"
Package: hobsub-generic 2016/05/16 v1.14 Bundle oberdiek, subset generic (HO)
Package: hobsub 2016/05/16 v1.14 Construct package bundles (HO)
Package: infwarerr 2016/05/16 v1.4 Providing info/warning/error messages (HO)
Package: ltxcmds 2016/05/16 v1.23 LaTeX kernel commands for general use (HO)
Package: ifluatex 2016/05/16 v1.4 Provides the ifluatex switch (HO)
Package ifluatex Info: LuaTeX not detected.
Package: ifvtex 2016/05/16 v1.6 Detect VTeX and its facilities (HO)
Package ifvtex Info: VTeX not detected.
Package: intcalc 2016/05/16 v1.2 Expandable calculations with integers (HO)
Package: ifpdf 2018/09/07 v3.3 Provides the ifpdf switch
Package: etexcmds 2016/05/16 v1.6 Avoid name clashes with e-TeX commands (HO)
Package: kvsetkeys 2016/05/16 v1.17 Key value parser (HO)
Package: kvdefinekeys 2016/05/16 v1.4 Define keys (HO)
Package: pdftexcmds 2018/09/10 v0.29 Utility functions of pdfTeX for LuaTeX (HO
)
Package pdftexcmds Info: LuaTeX not detected.
Package pdftexcmds Info: \pdf@primitive is available.
Package pdftexcmds Info: \pdf@ifprimitive is available.
Package pdftexcmds Info: \pdfdraftmode found.
Package: pdfescape 2016/05/16 v1.14 Implements pdfTeX's escape features (HO)
Package: bigintcalc 2016/05/16 v1.4 Expandable calculations on big integers (HO
)
Package: bitset 2016/05/16 v1.2 Handle bit-vector datatype (HO)
Package: uniquecounter 2016/05/16 v1.3 Provide unlimited unique counter (HO)
)
Package hobsub Info: Skipping package `hobsub' (already loaded).
Package: letltxmacro 2016/05/16 v1.5 Let assignment for LaTeX macros (HO)
Package: hopatch 2016/05/16 v1.3 Wrapper for package hooks (HO)
Package: xcolor-patch 2016/05/16 xcolor patch
Package: atveryend 2016/05/16 v1.9 Hooks at the very end of document (HO)
Package atveryend Info: \enddocument detected (standard20110627).
Package: atbegshi 2016/06/09 v1.18 At begin shipout hook (HO)
Package: refcount 2016/05/16 v3.5 Data extraction from label references (HO)
Package: hycolor 2016/05/16 v1.8 Color options for hyperref/bookmark (HO)
)
("D:\Program Files (x86)\MikTeX\tex/latex/graphics\keyval.sty"
Package: keyval 2014/10/28 v1.15 key=value parser (DPC)
\KV@toks@=\toks14
)
("D:\Program Files (x86)\MikTeX\tex/generic/ifxetex\ifxetex.sty"
Package: ifxetex 2010/09/12 v0.6 Provides ifxetex conditional
)
("D:\Program Files (x86)\MikTeX\tex/latex/oberdiek\auxhook.sty"
Package: auxhook 2016/05/16 v1.4 Hooks for auxiliary files (HO)
)
("D:\Program Files (x86)\MikTeX\tex/latex/oberdiek\kvoptions.sty"
Package: kvoptions 2016/05/16 v3.12 Key value format for package options (HO)
)
\@linkdim=\dimen103
\Hy@linkcounter=\count88
\Hy@pagecounter=\count89

("D:\Program Files (x86)\MikTeX\tex/latex/hyperref\pd1enc.def"
File: pd1enc.def 2018/11/30 v6.88e Hyperref: PDFDocEncoding definition (HO)
Now handling font encoding PD1 ...
... no UTF-8 mapping file for font encoding PD1
)
\Hy@SavedSpaceFactor=\count90

("D:\Program Files (x86)\MikTeX\tex/latex/00miktex\hyperref.cfg"
File: hyperref.cfg 2002/06/06 v1.2 hyperref configuration of TeXLive
)
Package hyperref Info: Hyper figures OFF on input line 4519.
Package hyperref Info: Link nesting OFF on input line 4524.
Package hyperref Info: Hyper index ON on input line 4527.
Package hyperref Info: Plain pages OFF on input line 4534.
Package hyperref Info: Backreferencing OFF on input line 4539.
Package hyperref Info: Implicit mode ON; LaTeX internals redefined.
Package hyperref Info: Bookmarks ON on input line 4772.
\c@Hy@tempcnt=\count91

("D:\Program Files (x86)\MikTeX\tex/latex/url\url.sty"
\Urlmuskip=\muskip10
Package: url 2013/09/16  ver 3.4  Verb mode for urls, etc.
)
LaTeX Info: Redefining \url on input line 5125.
\XeTeXLinkMargin=\dimen104
\Fld@menulength=\count92
\Field@Width=\dimen105
\Fld@charsize=\dimen106
Package hyperref Info: Hyper figures OFF on input line 6380.
Package hyperref Info: Link nesting OFF on input line 6385.
Package hyperref Info: Hyper index ON on input line 6388.
Package hyperref Info: backreferencing OFF on input line 6395.
Package hyperref Info: Link coloring OFF on input line 6400.
Package hyperref Info: Link coloring with OCG OFF on input line 6405.
Package hyperref Info: PDF/A mode OFF on input line 6410.
LaTeX Info: Redefining \ref on input line 6450.
LaTeX Info: Redefining \pageref on input line 6454.
\Hy@abspage=\count93
\c@Item=\count94
\c@Hfootnote=\count95
)
Package hyperref Info: Driver (autodetected): hpdftex.

("D:\Program Files (x86)\MikTeX\tex/latex/hyperref\hpdftex.def"
File: hpdftex.def 2018/11/30 v6.88e Hyperref driver for pdfTeX
\Fld@listcount=\count96
\c@bookmark@seq@number=\count97

("D:\Program Files (x86)\MikTeX\tex/latex/oberdiek\rerunfilecheck.sty"
Package: rerunfilecheck 2016/05/16 v1.8 Rerun checks for auxiliary files (HO)
Package uniquecounter Info: New unique counter `rerunfilecheck' on input line 2
82.
)
\Hy@SectionHShift=\skip43
)
("D:\Program Files (x86)\MikTeX\tex/latex/xcolor\xcolor.sty"
Package: xcolor 2016/05/11 v2.12 LaTeX color extensions (UK)

("D:\Program Files (x86)\MikTeX\tex/latex/graphics-cfg\color.cfg"
File: color.cfg 2016/01/02 v1.6 sample color configuration
)
Package xcolor Info: Driver file: pdftex.def on input line 225.

("D:\Program Files (x86)\MikTeX\tex/latex/graphics-def\pdftex.def"
File: pdftex.def 2018/01/08 v1.0l Graphics/color driver for pdftex
)
Package xcolor Info: Model `cmy' substituted by `cmy0' on input line 1348.
Package xcolor Info: Model `hsb' substituted by `rgb' on input line 1352.
Package xcolor Info: Model `RGB' extended on input line 1364.
Package xcolor Info: Model `HTML' substituted by `rgb' on input line 1366.
Package xcolor Info: Model `Hsb' substituted by `hsb' on input line 1367.
Package xcolor Info: Model `tHsb' substituted by `hsb' on input line 1368.
Package xcolor Info: Model `HSB' substituted by `hsb' on input line 1369.
Package xcolor Info: Model `Gray' substituted by `gray' on input line 1370.
Package xcolor Info: Model `wave' substituted by `hsb' on input line 1371.
)
Package hyperref Info: Option `colorlinks' set `true' on input line 104.

Conference Style for ACL 2018
\titlebox=\skip44
\aclrulerbox=\box27
\aclrulercount=\count98
\aclruleroffset=\dimen107
\cv@lineheight=\dimen108
\cv@boxheight=\dimen109
\cv@tmpbox=\box28
\cv@refno=\count99
\cv@tot=\count100
\cv@tmpc@=\count101
\cv@tmpc=\count102
("D:\Program Files (x86)\MikTeX\tex/latex/natbib\natbib.sty"
Package: natbib 2010/09/13 8.31b (PWD, AO)
\bibhang=\skip45
\bibsep=\skip46
LaTeX Info: Redefining \cite on input line 694.
\c@NAT@ctr=\count103
))
("D:\Program Files (x86)\MikTeX\tex/latex/psnfss\times.sty"
Package: times 2005/04/12 PSNFSS-v9.2a (SPQR) 
)
("D:\Program Files (x86)\MikTeX\tex/latex/base\latexsym.sty"
Package: latexsym 1998/08/17 v2.2e Standard LaTeX package (lasy symbols)
\symlasy=\mathgroup4
LaTeX Font Info:    Overwriting symbol font `lasy' in version `bold'
(Font)                  U/lasy/m/n --> U/lasy/b/n on input line 52.
)
(info256-project_midterm_report-Ivan_Liao__Kaifei_Peng.aux)
\openout1 = `info256-project_midterm_report-Ivan_Liao__Kaifei_Peng.aux'.

LaTeX Font Info:    Checking defaults for OML/cmm/m/it on input line 45.
LaTeX Font Info:    ... okay on input line 45.
LaTeX Font Info:    Checking defaults for T1/cmr/m/n on input line 45.
LaTeX Font Info:    ... okay on input line 45.
LaTeX Font Info:    Checking defaults for OT1/cmr/m/n on input line 45.
LaTeX Font Info:    ... okay on input line 45.
LaTeX Font Info:    Checking defaults for OMS/cmsy/m/n on input line 45.
LaTeX Font Info:    ... okay on input line 45.
LaTeX Font Info:    Checking defaults for OMX/cmex/m/n on input line 45.
LaTeX Font Info:    ... okay on input line 45.
LaTeX Font Info:    Checking defaults for U/cmr/m/n on input line 45.
LaTeX Font Info:    ... okay on input line 45.
LaTeX Font Info:    Checking defaults for PD1/pdf/m/n on input line 45.
LaTeX Font Info:    ... okay on input line 45.
LaTeX Font Info:    Try loading font information for OT1+ptm on input line 45.

("D:\Program Files (x86)\MikTeX\tex/latex/psnfss\ot1ptm.fd"
File: ot1ptm.fd 2001/06/04 font definitions for OT1/ptm.
)
\AtBeginShipoutBox=\box29
Package hyperref Info: Link coloring ON on input line 45.

("D:\Program Files (x86)\MikTeX\tex/latex/hyperref\nameref.sty"
Package: nameref 2016/05/21 v2.44 Cross-referencing by name of section

("D:\Program Files (x86)\MikTeX\tex/generic/oberdiek\gettitlestring.sty"
Package: gettitlestring 2016/05/16 v1.5 Cleanup title references (HO)
)
\c@section@level=\count104
)
LaTeX Info: Redefining \ref on input line 45.
LaTeX Info: Redefining \pageref on input line 45.
LaTeX Info: Redefining \nameref on input line 45.

(info256-project_midterm_report-Ivan_Liao__Kaifei_Peng.out)
(info256-project_midterm_report-Ivan_Liao__Kaifei_Peng.out)
\@outlinefile=\write3
\openout3 = `info256-project_midterm_report-Ivan_Liao__Kaifei_Peng.out'.


("D:\Program Files (x86)\MikTeX\tex/context/base/mkii\supp-pdf.mkii"
[Loading MPS to PDF converter (version 2006.09.02).]
\scratchcounter=\count105
\scratchdimen=\dimen110
\scratchbox=\box30
\nofMPsegments=\count106
\nofMParguments=\count107
\everyMPshowfont=\toks15
\MPscratchCnt=\count108
\MPscratchDim=\dimen111
\MPnumerator=\count109
\makeMPintoPDFobject=\count110
\everyMPtoPDFconversion=\toks16
) ABD: EveryShipout initializing macros
LaTeX Font Info:    Font shape `OT1/ptm/bx/n' in size <14.4> not available
(Font)              Font shape `OT1/ptm/b/n' tried instead on input line 46.
LaTeX Font Info:    External font `cmex10' loaded for size
(Font)              <12> on input line 46.
LaTeX Font Info:    External font `cmex10' loaded for size
(Font)              <8> on input line 46.
LaTeX Font Info:    External font `cmex10' loaded for size
(Font)              <6> on input line 46.
LaTeX Font Info:    Try loading font information for U+lasy on input line 46.

("D:\Program Files (x86)\MikTeX\tex/latex/base\ulasy.fd"
File: ulasy.fd 1998/08/17 v2.2e LaTeX symbol font definitions
)
LaTeX Font Info:    Font shape `OT1/ptm/bx/n' in size <12> not available
(Font)              Font shape `OT1/ptm/b/n' tried instead on input line 46.
LaTeX Font Info:    Try loading font information for OT1+pcr on input line 46.

("D:\Program Files (x86)\MikTeX\tex/latex/psnfss\ot1pcr.fd"
File: ot1pcr.fd 2001/06/04 font definitions for OT1/pcr.
)
LaTeX Font Info:    Font shape `OT1/ptm/bx/n' in size <10.95> not available
(Font)              Font shape `OT1/ptm/b/n' tried instead on input line 80.
LaTeX Font Info:    External font `cmex10' loaded for size
(Font)              <10.95> on input line 99.
 [1{C:/Users/pkf/AppData/Local/MiKTeX/2.9/pdftex/config/pdftex.map}



]
Underfull \hbox (badness 10000) in paragraph at lines 120--126
\OT1/ptm/m/n/10.95 ACL pro-vides this de-scrip-tion in L[]T[]X2e
 []


Underfull \hbox (badness 10000) in paragraph at lines 120--126
\OT1/ptm/m/n/10.95 (\OT1/pcr/m/n/9 acl[]natbib.bst\OT1/ptm/m/n/10.95 ) and ex-a
m-ple bib-li-og-ra-phy
 []


Underfull \hbox (badness 1371) in paragraph at lines 120--126
\OT1/ptm/m/n/10.95 (\OT1/pcr/m/n/9 acl2018.bib\OT1/ptm/m/n/10.95 ). These files
 are all avail-able
 []


Underfull \hbox (badness 10000) in paragraph at lines 120--126
\OT1/ptm/m/n/10.95 at [][]$\OT1/pcr/m/n/10.95 http : / / acl2018 . org / downlo
ads /
 []


Underfull \hbox (badness 10000) in paragraph at lines 127--132
[]\OT1/ptm/m/n/10.95 A Mi-crosoft Word tem-plate file
 []


Underfull \hbox (badness 10000) in paragraph at lines 127--132
\OT1/ptm/m/n/10.95 (\OT1/pcr/m/n/9 acl18-word.docx\OT1/ptm/m/n/10.95 ) and ex-a
m-ple sub-mis-
 []


Underfull \hbox (badness 8000) in paragraph at lines 127--132
\OT1/ptm/m/n/10.95 sion pdf (\OT1/pcr/m/n/9 acl18-word.pdf\OT1/ptm/m/n/10.95 ) 
is avail-able at
 []


Underfull \hbox (badness 10000) in paragraph at lines 127--132
[][]$\OT1/pcr/m/n/10.95 http : / / acl2018 . org / downloads /
 []


Underfull \hbox (badness 6944) in paragraph at lines 127--132
\OT1/pcr/m/n/10.95 acl18-[]word . zip$[][]\OT1/ptm/m/n/10.95 . We strongly rec-
om-
 []


Underfull \hbox (badness 10000) in paragraph at lines 157--163
[][]\OT1/pcr/m/n/10.95 \special{papersize=210mm,297mm}
 []


Underfull \hbox (badness 7685) in paragraph at lines 157--163
[]\OT1/ptm/m/n/10.95 in the la-tex pream-ble (di-rectly be-low the
 []


Underfull \hbox (badness 10000) in paragraph at lines 157--163
[][]\OT1/pcr/m/n/10.95 \usepackage []\OT1/ptm/m/n/10.95 com-mands). Then us-ing

 []

LaTeX Font Info:    Try loading font information for OMS+ptm on input line 177.

("D:\Program Files (x86)\MikTeX\tex/latex/psnfss\omsptm.fd"
File: omsptm.fd 
)
LaTeX Font Info:    Font shape `OMS/ptm/m/n' in size <10.95> not available
(Font)              Font shape `OMS/cmsy/m/n' tried instead on input line 177.
 [2]
LaTeX Font Info:    External font `cmex10' loaded for size
(Font)              <9> on input line 277.
LaTeX Font Info:    External font `cmex10' loaded for size
(Font)              <5> on input line 277.
LaTeX Font Info:    Font shape `OT1/ptm/bx/n' in size <9> not available
(Font)              Font shape `OT1/ptm/b/n' tried instead on input line 280.
 [3]
Underfull \hbox (badness 10000) in paragraph at lines 397--398
[]\OT1/ptm/m/n/10.95 ``We pre-vi-ously showed ([][]Gus-field[][],
 []


Underfull \hbox (badness 1152) in paragraph at lines 420--423
[]\OT1/ptm/m/n/10.95 The L[]T[]X and BibT[]X style files pro-vided
 []

[4]
Underfull \hbox (badness 2512) in paragraph at lines 456--457
[]\OT1/ptm/m/n/10.95 The num-ber-ing (if any) and align-ment of
 []

[5] (info256-project_midterm_report-Ivan_Liao__Kaifei_Peng.bbl)
Package atveryend Info: Empty hook `BeforeClearDocument' on input line 560.
 [6

]
Package atveryend Info: Empty hook `AfterLastShipout' on input line 560.

(info256-project_midterm_report-Ivan_Liao__Kaifei_Peng.aux)
Package atveryend Info: Executing hook `AtVeryEndDocument' on input line 560.
Package atveryend Info: Executing hook `AtEndAfterFileList' on input line 560.
Package rerunfilecheck Info: File `info256-project_midterm_report-Ivan_Liao__Ka
ifei_Peng.out' has not changed.
(rerunfilecheck)             Checksum: D41D8CD98F00B204E9800998ECF8427E;0.
Package atveryend Info: Empty hook `AtVeryVeryEnd' on input line 560.
 )
(\end occurred when \iffalse on line 349 was incomplete) 
Here is how much of TeX's memory you used:
 5761 strings out of 492945
 83846 string characters out of 3134637
 186190 words of memory out of 3000000
 9571 multiletter control sequences out of 15000+200000
 32549 words of font info for 69 fonts, out of 3000000 for 9000
 1141 hyphenation exceptions out of 8191
 35i,18n,37p,476b,498s stack positions out of 5000i,500n,10000p,200000b,50000s
{D:/Program Files (x86)
/MikTeX/fonts/enc/dvips/base/8r.enc}<D:/Program Files (x86)/MikTeX/fonts/type1/
public/amsfonts/cm/cmmi10.pfb><D:/Program Files (x86)/MikTeX/fonts/type1/public
/amsfonts/cm/cmr10.pfb><D:/Program Files (x86)/MikTeX/fonts/type1/public/amsfon
ts/cm/cmr8.pfb><D:/Program Files (x86)/MikTeX/fonts/type1/public/amsfonts/cm/cm
sy10.pfb><D:/Program Files (x86)/MikTeX/fonts/type1/urw/courier/ucrr8a.pfb><D:/
Program Files (x86)/MikTeX/fonts/type1/urw/times/utmb8a.pfb><D:/Program Files (
x86)/MikTeX/fonts/type1/urw/times/utmr8a.pfb><D:/Program Files (x86)/MikTeX/fon
ts/type1/urw/times/utmri8a.pfb>
Output written on info256-project_midterm_report-Ivan_Liao__Kaifei_Peng.pdf (6 
pages, 143390 bytes).
PDF statistics:
 161 PDF objects out of 1000 (max. 8388607)
 39 named destinations out of 1000 (max. 500000)
 1 words of extra memory for PDF output out of 10000 (max. 10000000)

